<?xml version="1.0" encoding="UTF-8"?>
<robot generator="Robot 7.0.1 (Python 3.11.3 on win32)" generated="2024-08-01T21:44:45.399221" rpa="false" schemaversion="5">
<suite id="s1" name="01 fluxo do menu O Agibank" source="c:\Users\cassi\Desktop\Automações\Git_Hub\Web\Automacao_Web_Robot_Framework\tests\Fluxo_das_fucionalidade_do_Menu\01_fluxo_do_menu_O_Agibank.robot">
<test id="s1-t1" name="Cénario 01.01: No menu O Agibank - Escolhendo a opção &quot;Colunas&quot; (com e-mail assinado na Newsletter)" line="9">
<kw name="Abri o Blog do Agibank" owner="Conexao_Web" type="SETUP">
<kw name="New Browser" owner="Browser">
<msg time="2024-08-01T21:44:46.541274" level="INFO">{"browser": "chromium", "headless": false, "chromiumSandbox": false, "devtools": false, "handleSIGHUP": true, "handleSIGINT": true, "handleSIGTERM": true, "slowMo": 0.0, "timeout": 30000.0, "tracesDir": "C:\\Users\\cassi\\Desktop\\Automa\u00e7\u00f5es\\Git_Hub\\Web\\Automacao_Web_Robot_Framework\\browser\\traces\\483e6702-4e72-4e42-973d-50c538c9ca90"}</msg>
<msg time="2024-08-01T21:44:46.771971" level="INFO">Successfully created browser with options: {"browser":"chromium","headless":false,"chromiumSandbox":false,"devtools":false,"handleSIGHUP":true,"handleSIGINT":true,"handleSIGTERM":true,"slowMo":0,"timeout":30000,"tracesDir":"C:\\Users\\cassi\\Desktop\\Automações\\Git_Hub\\Web\\Automacao_Web_Robot_Framework\\browser\\traces\\483e6702-4e72-4e42-973d-50c538c9ca90"}</msg>
<arg>${Navegador}</arg>
<arg>${Headless}</arg>
<tag>BrowserControl</tag>
<tag>Setter</tag>
<doc>Create a new playwright Browser with specified options.</doc>
<status status="PASS" start="2024-08-01T21:44:46.541274" elapsed="0.232205"/>
</kw>
<kw name="Uuid 4" owner="FakerLibrary">
<msg time="2024-08-01T21:44:46.774497" level="INFO">${TRACE_NAME} = 1c6fd6ce-eebf-4c0e-b5c8-e04aa743a5f7</msg>
<var>${TRACE_NAME}</var>
<doc>Generate a random UUID4 object and cast it to another type if specified using a callable ``cast_to``.</doc>
<status status="PASS" start="2024-08-01T21:44:46.773479" elapsed="0.001018"/>
</kw>
<kw name="Get Current Date" owner="DateTime">
<msg time="2024-08-01T21:44:46.775488" level="INFO">${NOW} = 01-08-2024_214446</msg>
<var>${NOW}</var>
<arg>result_format=%d-%m-%Y_%H%M%S</arg>
<doc>Returns current local or UTC time with an optional increment.</doc>
<status status="PASS" start="2024-08-01T21:44:46.775488" elapsed="0.001009"/>
</kw>
<kw name="New Context" owner="Browser">
<msg time="2024-08-01T21:44:46.779498" level="INFO">{
  "acceptDownloads": true,
  "bypassCSP": false,
  "forcedColors": "none",
  "ignoreHTTPSErrors": true,
  "javaScriptEnabled": true,
  "offline": false,
  "reducedMotion": "no-preference",
  "serviceWorkers": "allow",
  "tracing": "/frontend/resource/05_Evidencias/traces/01-08-2024_214446/1c6fd6ce-eebf-4c0e-b5c8-e04aa743a5f7.zip",
  "viewport": {
    "width": 2560,
    "height": 1440
  }
}</msg>
<msg time="2024-08-01T21:44:46.805714" level="INFO">Successfully created context and trace file will be saved to: C:\frontend\resource\05_Evidencias\traces\01-08-2024_214446\1c6fd6ce-eebf-4c0e-b5c8-e04aa743a5f7.zip</msg>
<msg time="2024-08-01T21:44:46.806707" level="INFO">{'acceptDownloads': True, 'bypassCSP': False, 'forcedColors': 'none', 'ignoreHTTPSErrors': True, 'javaScriptEnabled': True, 'offline': False, 'reducedMotion': 'no-preference', 'serviceWorkers': 'allow', 'tracing': '/frontend/resource/05_Evidencias/traces/01-08-2024_214446/1c6fd6ce-eebf-4c0e-b5c8-e04aa743a5f7.zip', 'viewport': {'width': 2560, 'height': 1440}, 'trace': {'screenshots': True, 'snapshots': True}}</msg>
<arg>viewport={'width':2560, 'height':1440}</arg>
<arg>ignoreHTTPSErrors=true</arg>
<arg>tracing=/frontend/resource/05_Evidencias/traces/${NOW}/${TRACE_NAME}.zip</arg>
<tag>BrowserControl</tag>
<tag>Setter</tag>
<doc>Create a new BrowserContext with specified options.</doc>
<status status="PASS" start="2024-08-01T21:44:46.776497" elapsed="0.030697"/>
</kw>
<kw name="New Page" owner="Browser">
<msg time="2024-08-01T21:44:48.391000" level="INFO">Successfully initialized new page object and opened url: https://blogdoagi.com.br/</msg>
<arg>${URL}</arg>
<tag>BrowserControl</tag>
<tag>Setter</tag>
<doc>Open a new Page.</doc>
<status status="PASS" start="2024-08-01T21:44:46.807705" elapsed="1.583295"/>
</kw>
<status status="PASS" start="2024-08-01T21:44:46.539663" elapsed="1.851337"/>
</kw>
<kw name="Given esteja na pagina inicial do Blog Agibank" owner="Steps_01_fluxo_do_menu_O_Agibank">
<kw name="Validação da tela (2 - sem imagem) - Contendo: O Agibank; Produtos" owner="Metodos_globais" source_name="Validação da tela (2 - sem imagem) - Contendo: ${Variavel_1}; ${Variavel_2}">
<kw name="Log To Console" owner="BuiltIn">
<arg>Validação da tela - Contendo: ${Variavel_1}; ${Variavel_2}</arg>
<doc>Logs the given message to the console.</doc>
<status status="PASS" start="2024-08-01T21:44:48.393580" elapsed="0.001966"/>
</kw>
<kw name="Get Element States" owner="Browser">
<msg time="2024-08-01T21:44:48.576679" level="INFO">States are: ['attached', 'visible', 'enabled', 'editable', 'defocused']</msg>
<arg>(//span[@class='menu-text'][contains(.,'${Variavel_1}')])[1]</arg>
<arg>validate</arg>
<arg>value</arg>
<tag>Assertion</tag>
<tag>Getter</tag>
<tag>PageContent</tag>
<doc>Get the active states from the element found by ``selector``.</doc>
<status status="PASS" start="2024-08-01T21:44:48.395546" elapsed="0.183134"/>
</kw>
<kw name="Get Element States" owner="Browser">
<msg time="2024-08-01T21:44:48.697289" level="INFO">States are: ['attached', 'visible', 'enabled', 'editable', 'defocused']</msg>
<arg>(//span[@class='menu-text'][contains(.,'${Variavel_2}')])[1]</arg>
<arg>validate</arg>
<arg>value</arg>
<tag>Assertion</tag>
<tag>Getter</tag>
<tag>PageContent</tag>
<doc>Get the active states from the element found by ``selector``.</doc>
<status status="PASS" start="2024-08-01T21:44:48.578680" elapsed="0.118609"/>
</kw>
<kw name="Log To Console" owner="BuiltIn">
<arg>Validação concluída!\n</arg>
<doc>Logs the given message to the console.</doc>
<status status="PASS" start="2024-08-01T21:44:48.697289" elapsed="0.001002"/>
</kw>
<status status="PASS" start="2024-08-01T21:44:48.392008" elapsed="0.307282"/>
</kw>
<kw name="Validação da tela (2 - sem imagem) - Contendo: Serviços; Suas finanças" owner="Metodos_globais" source_name="Validação da tela (2 - sem imagem) - Contendo: ${Variavel_1}; ${Variavel_2}">
<kw name="Log To Console" owner="BuiltIn">
<arg>Validação da tela - Contendo: ${Variavel_1}; ${Variavel_2}</arg>
<doc>Logs the given message to the console.</doc>
<status status="PASS" start="2024-08-01T21:44:48.700295" elapsed="0.000000"/>
</kw>
<kw name="Get Element States" owner="Browser">
<msg time="2024-08-01T21:44:48.820290" level="INFO">States are: ['attached', 'visible', 'enabled', 'editable', 'defocused']</msg>
<arg>(//span[@class='menu-text'][contains(.,'${Variavel_1}')])[1]</arg>
<arg>validate</arg>
<arg>value</arg>
<tag>Assertion</tag>
<tag>Getter</tag>
<tag>PageContent</tag>
<doc>Get the active states from the element found by ``selector``.</doc>
<status status="PASS" start="2024-08-01T21:44:48.701290" elapsed="0.119000"/>
</kw>
<kw name="Get Element States" owner="Browser">
<msg time="2024-08-01T21:44:48.932445" level="INFO">States are: ['attached', 'visible', 'enabled', 'editable', 'defocused']</msg>
<arg>(//span[@class='menu-text'][contains(.,'${Variavel_2}')])[1]</arg>
<arg>validate</arg>
<arg>value</arg>
<tag>Assertion</tag>
<tag>Getter</tag>
<tag>PageContent</tag>
<doc>Get the active states from the element found by ``selector``.</doc>
<status status="PASS" start="2024-08-01T21:44:48.821289" elapsed="0.111156"/>
</kw>
<kw name="Log To Console" owner="BuiltIn">
<arg>Validação concluída!\n</arg>
<doc>Logs the given message to the console.</doc>
<status status="PASS" start="2024-08-01T21:44:48.933441" elapsed="0.000000"/>
</kw>
<status status="PASS" start="2024-08-01T21:44:48.699290" elapsed="0.234151"/>
</kw>
<kw name="Validação da tela (2 - sem imagem) - Contendo: Sua segurança; Stories" owner="Metodos_globais" source_name="Validação da tela (2 - sem imagem) - Contendo: ${Variavel_1}; ${Variavel_2}">
<kw name="Log To Console" owner="BuiltIn">
<arg>Validação da tela - Contendo: ${Variavel_1}; ${Variavel_2}</arg>
<doc>Logs the given message to the console.</doc>
<status status="PASS" start="2024-08-01T21:44:48.934804" elapsed="0.000000"/>
</kw>
<kw name="Get Element States" owner="Browser">
<msg time="2024-08-01T21:44:49.064729" level="INFO">States are: ['attached', 'visible', 'enabled', 'editable', 'defocused']</msg>
<arg>(//span[@class='menu-text'][contains(.,'${Variavel_1}')])[1]</arg>
<arg>validate</arg>
<arg>value</arg>
<tag>Assertion</tag>
<tag>Getter</tag>
<tag>PageContent</tag>
<doc>Get the active states from the element found by ``selector``.</doc>
<status status="PASS" start="2024-08-01T21:44:48.935807" elapsed="0.128922"/>
</kw>
<kw name="Get Element States" owner="Browser">
<msg time="2024-08-01T21:44:49.170632" level="INFO">States are: ['attached', 'visible', 'enabled', 'editable', 'defocused']</msg>
<arg>(//span[@class='menu-text'][contains(.,'${Variavel_2}')])[1]</arg>
<arg>validate</arg>
<arg>value</arg>
<tag>Assertion</tag>
<tag>Getter</tag>
<tag>PageContent</tag>
<doc>Get the active states from the element found by ``selector``.</doc>
<status status="PASS" start="2024-08-01T21:44:49.064729" elapsed="0.105903"/>
</kw>
<kw name="Log To Console" owner="BuiltIn">
<arg>Validação concluída!\n</arg>
<doc>Logs the given message to the console.</doc>
<status status="PASS" start="2024-08-01T21:44:49.171633" elapsed="0.000000"/>
</kw>
<status status="PASS" start="2024-08-01T21:44:48.933441" elapsed="0.238192"/>
</kw>
<kw name="Validação da tela (1 - com imagem) - Contendo: O Agibank;" owner="Metodos_globais" source_name="Validação da tela (1 - com imagem) - Contendo: ${Variavel_1};">
<kw name="Log To Console" owner="BuiltIn">
<arg>Validação da tela - Contendo: ${Variavel_1};</arg>
<doc>Logs the given message to the console.</doc>
<status status="PASS" start="2024-08-01T21:44:49.172633" elapsed="0.000000"/>
</kw>
<kw name="Get Element States" owner="Browser">
<msg time="2024-08-01T21:44:49.287198" level="INFO">States are: ['attached', 'visible', 'enabled', 'editable', 'defocused']</msg>
<arg>(//span[@class='menu-text'][contains(.,'${Variavel_1}')])[1]</arg>
<arg>validate</arg>
<arg>value</arg>
<tag>Assertion</tag>
<tag>Getter</tag>
<tag>PageContent</tag>
<doc>Get the active states from the element found by ``selector``.</doc>
<status status="PASS" start="2024-08-01T21:44:49.173635" elapsed="0.113772"/>
</kw>
<kw name="Take Screenshot" owner="Browser">
<msg time="2024-08-01T21:44:49.545703" level="INFO" html="true">&lt;/td&gt;&lt;/tr&gt;&lt;tr&gt;&lt;td colspan="3"&gt;&lt;a href="browser/screenshot/O%20Agibank.png" target="_blank"&gt;&lt;img src="browser/screenshot/O%20Agibank.png" width="800px"/&gt;&lt;/a&gt;</msg>
<arg>${Variavel_1}</arg>
<tag>PageContent</tag>
<doc>Takes a screenshot of the current window or element and saves it to disk.</doc>
<status status="PASS" start="2024-08-01T21:44:49.287407" elapsed="0.258296"/>
</kw>
<kw name="Log To Console" owner="BuiltIn">
<arg>Validação concluída!\n</arg>
<doc>Logs the given message to the console.</doc>
<status status="PASS" start="2024-08-01T21:44:49.545703" elapsed="0.001034"/>
</kw>
<status status="PASS" start="2024-08-01T21:44:49.172633" elapsed="0.374104"/>
</kw>
<status status="PASS" start="2024-08-01T21:44:48.392008" elapsed="1.155699"/>
</kw>
<kw name="When escolho no Menu &quot;O Agibank&quot; escolhendo a opção &quot;Colunas&quot;" owner="Steps_01_fluxo_do_menu_O_Agibank">
<kw name="Clico na opção &quot;O Agibank&quot;" owner="Metodos_globais" source_name="Clico na opção &quot;${Variavel_1}&quot;">
<kw name="Log To Console" owner="BuiltIn">
<arg>Clico na opção "${Variavel_1}"\n</arg>
<doc>Logs the given message to the console.</doc>
<status status="PASS" start="2024-08-01T21:44:49.548703" elapsed="0.000999"/>
</kw>
<kw name="Click" owner="Browser">
<msg time="2024-08-01T21:44:49.550715" level="INFO">Clicks the element '(//span[@class='menu-text'][contains(.,'O Agibank')])[1]'.</msg>
<arg>(//span[@class='menu-text'][contains(.,'${Variavel_1}')])[1]</arg>
<tag>PageContent</tag>
<tag>Setter</tag>
<doc>Simulates mouse click on the element found by ``selector``.</doc>
<status status="PASS" start="2024-08-01T21:44:49.549702" elapsed="0.261905"/>
</kw>
<status status="PASS" start="2024-08-01T21:44:49.548703" elapsed="0.262904"/>
</kw>
<kw name="Validação da tela (3 - sem imagem) - Contendo: Colunas; Notícias; Carreira" owner="Metodos_globais" source_name="Validação da tela (3 - sem imagem) - Contendo: ${Variavel_1}; ${Variavel_2}; ${Variavel_3}">
<kw name="Log To Console" owner="BuiltIn">
<arg>Validação da tela - Contendo: ${Variavel_1}; ${Variavel_2}; ${Variavel_3}</arg>
<doc>Logs the given message to the console.</doc>
<status status="PASS" start="2024-08-01T21:44:49.814995" elapsed="0.001008"/>
</kw>
<kw name="Get Element States" owner="Browser">
<msg time="2024-08-01T21:44:50.150989" level="INFO">States are: ['detached']</msg>
<arg>(//span[@class='menu-text'][contains(.,'${Variavel_1}')])[1]</arg>
<arg>validate</arg>
<arg>value</arg>
<tag>Assertion</tag>
<tag>Getter</tag>
<tag>PageContent</tag>
<doc>Get the active states from the element found by ``selector``.</doc>
<status status="PASS" start="2024-08-01T21:44:49.817004" elapsed="0.333985"/>
</kw>
<kw name="Get Element States" owner="Browser">
<msg time="2024-08-01T21:44:50.379208" level="INFO">States are: ['attached', 'hidden', 'enabled', 'editable', 'defocused']</msg>
<arg>(//span[@class='menu-text'][contains(.,'${Variavel_2}')])[1]</arg>
<arg>validate</arg>
<arg>value</arg>
<tag>Assertion</tag>
<tag>Getter</tag>
<tag>PageContent</tag>
<doc>Get the active states from the element found by ``selector``.</doc>
<status status="PASS" start="2024-08-01T21:44:50.151988" elapsed="0.228224"/>
</kw>
<kw name="Get Element States" owner="Browser">
<msg time="2024-08-01T21:44:50.611344" level="INFO">States are: ['attached', 'hidden', 'enabled', 'editable', 'defocused']</msg>
<arg>(//span[@class='menu-text'][contains(.,'${Variavel_3}')])[1]</arg>
<arg>validate</arg>
<arg>value</arg>
<tag>Assertion</tag>
<tag>Getter</tag>
<tag>PageContent</tag>
<doc>Get the active states from the element found by ``selector``.</doc>
<status status="PASS" start="2024-08-01T21:44:50.381209" elapsed="0.230135"/>
</kw>
<kw name="Log To Console" owner="BuiltIn">
<arg>Validação concluída!\n</arg>
<doc>Logs the given message to the console.</doc>
<status status="PASS" start="2024-08-01T21:44:50.611344" elapsed="0.000994"/>
</kw>
<status status="PASS" start="2024-08-01T21:44:49.812587" elapsed="0.800754"/>
</kw>
<kw name="Clico na opção &quot;Colunas&quot;" owner="Metodos_globais" source_name="Clico na opção &quot;${Variavel_1}&quot;">
<kw name="Log To Console" owner="BuiltIn">
<arg>Clico na opção "${Variavel_1}"\n</arg>
<doc>Logs the given message to the console.</doc>
<status status="PASS" start="2024-08-01T21:44:50.613859" elapsed="0.002008"/>
</kw>
<kw name="Click" owner="Browser">
<msg time="2024-08-01T21:44:50.617880" level="INFO">Clicks the element '(//span[@class='menu-text'][contains(.,'Colunas')])[1]'.</msg>
<arg>(//span[@class='menu-text'][contains(.,'${Variavel_1}')])[1]</arg>
<tag>PageContent</tag>
<tag>Setter</tag>
<doc>Simulates mouse click on the element found by ``selector``.</doc>
<status status="PASS" start="2024-08-01T21:44:50.615867" elapsed="3.690794"/>
</kw>
<status status="PASS" start="2024-08-01T21:44:50.613859" elapsed="3.692802"/>
</kw>
<status status="PASS" start="2024-08-01T21:44:49.548703" elapsed="4.757958"/>
</kw>
<kw name="And sistema exibe as informações da pagina &quot;Colunas&quot;" owner="Steps_01_fluxo_do_menu_O_Agibank">
<kw name="validação da exibição do 1º Card" owner="Metodos_globais" source_name="validação da exibição do ${Posiscao_Card}º Card">
<kw name="Get Text" owner="Browser">
<msg time="2024-08-01T21:44:54.628861" level="INFO">Text: 'A tragédia climática no RS. Saber lidar com os extremos do clima e a água já era o maior problema econômico e social do RS. O que será feito agora?'</msg>
<msg time="2024-08-01T21:44:54.628861" level="INFO">${Validacao_card} = A tragédia climática no RS. Saber lidar com os extremos do clima e a água já era o maior problema econômico e social do RS. O que será feito agora?</msg>
<var>${Validacao_card}</var>
<arg>(//a[contains(@rel,'bookmark')])[${Posiscao_Card}]</arg>
<tag>Assertion</tag>
<tag>Getter</tag>
<tag>PageContent</tag>
<doc>Returns text attribute of the element found by ``selector``.</doc>
<status status="PASS" start="2024-08-01T21:44:54.309166" elapsed="0.319695"/>
</kw>
<kw name="Log" owner="BuiltIn">
<msg time="2024-08-01T21:44:54.628861" level="INFO">Titulo do 1º: A tragédia climática no RS. Saber lidar com os extremos do clima e a água já era o maior problema econômico e social do RS. O que será feito agora?</msg>
<arg>Titulo do ${Posiscao_Card}º: ${Validacao_card}</arg>
<doc>Logs the given message with the given level.</doc>
<status status="PASS" start="2024-08-01T21:44:54.628861" elapsed="0.001004"/>
</kw>
<kw name="Log To Console" owner="BuiltIn">
<arg>Titulo do ${Posiscao_Card}º: ${Validacao_card}\n</arg>
<doc>Logs the given message to the console.</doc>
<status status="PASS" start="2024-08-01T21:44:54.629865" elapsed="0.000894"/>
</kw>
<status status="PASS" start="2024-08-01T21:44:54.309166" elapsed="0.321593"/>
</kw>
<kw name="validação da exibição do 2º Card" owner="Metodos_globais" source_name="validação da exibição do ${Posiscao_Card}º Card">
<kw name="Get Text" owner="Browser">
<msg time="2024-08-01T21:44:54.691708" level="INFO">Text: 'Melhorar a qualidade da educação para haver mais oportunidades, produtividade e crescimento'</msg>
<msg time="2024-08-01T21:44:54.691708" level="INFO">${Validacao_card} = Melhorar a qualidade da educação para haver mais oportunidades, produtividade e crescimento</msg>
<var>${Validacao_card}</var>
<arg>(//a[contains(@rel,'bookmark')])[${Posiscao_Card}]</arg>
<tag>Assertion</tag>
<tag>Getter</tag>
<tag>PageContent</tag>
<doc>Returns text attribute of the element found by ``selector``.</doc>
<status status="PASS" start="2024-08-01T21:44:54.631768" elapsed="0.059940"/>
</kw>
<kw name="Log" owner="BuiltIn">
<msg time="2024-08-01T21:44:54.692713" level="INFO">Titulo do 2º: Melhorar a qualidade da educação para haver mais oportunidades, produtividade e crescimento</msg>
<arg>Titulo do ${Posiscao_Card}º: ${Validacao_card}</arg>
<doc>Logs the given message with the given level.</doc>
<status status="PASS" start="2024-08-01T21:44:54.691708" elapsed="0.001005"/>
</kw>
<kw name="Log To Console" owner="BuiltIn">
<arg>Titulo do ${Posiscao_Card}º: ${Validacao_card}\n</arg>
<doc>Logs the given message to the console.</doc>
<status status="PASS" start="2024-08-01T21:44:54.692713" elapsed="0.001498"/>
</kw>
<status status="PASS" start="2024-08-01T21:44:54.630759" elapsed="0.063452"/>
</kw>
<kw name="validação da exibição do 3º Card" owner="Metodos_globais" source_name="validação da exibição do ${Posiscao_Card}º Card">
<kw name="Get Text" owner="Browser">
<msg time="2024-08-01T21:44:54.751839" level="INFO">Text: 'Demografia, produtividade e o desafio do crescimento econômico no Brasil'</msg>
<msg time="2024-08-01T21:44:54.751839" level="INFO">${Validacao_card} = Demografia, produtividade e o desafio do crescimento econômico no Brasil</msg>
<var>${Validacao_card}</var>
<arg>(//a[contains(@rel,'bookmark')])[${Posiscao_Card}]</arg>
<tag>Assertion</tag>
<tag>Getter</tag>
<tag>PageContent</tag>
<doc>Returns text attribute of the element found by ``selector``.</doc>
<status status="PASS" start="2024-08-01T21:44:54.695972" elapsed="0.057383"/>
</kw>
<kw name="Log" owner="BuiltIn">
<msg time="2024-08-01T21:44:54.753355" level="INFO">Titulo do 3º: Demografia, produtividade e o desafio do crescimento econômico no Brasil</msg>
<arg>Titulo do ${Posiscao_Card}º: ${Validacao_card}</arg>
<doc>Logs the given message with the given level.</doc>
<status status="PASS" start="2024-08-01T21:44:54.753355" elapsed="0.000000"/>
</kw>
<kw name="Log To Console" owner="BuiltIn">
<arg>Titulo do ${Posiscao_Card}º: ${Validacao_card}\n</arg>
<doc>Logs the given message to the console.</doc>
<status status="PASS" start="2024-08-01T21:44:54.754368" elapsed="0.000000"/>
</kw>
<status status="PASS" start="2024-08-01T21:44:54.695220" elapsed="0.059148"/>
</kw>
<kw name="Validação da tela com texto &quot;Se inscreva em nossa Newsletter&quot;" owner="Metodos_globais" source_name="Validação da tela com texto &quot;${txt}&quot;">
<kw name="Log To Console" owner="BuiltIn">
<arg>Validação da tela com texto "${txt}"\n</arg>
<doc>Logs the given message to the console.</doc>
<status status="PASS" start="2024-08-01T21:44:54.755366" elapsed="0.001013"/>
</kw>
<kw name="Get Attribute Names" owner="Browser">
<msg time="2024-08-01T21:44:54.807643" level="INFO">JavaScript executed successfully.</msg>
<arg>text="${txt}"</arg>
<tag>Assertion</tag>
<tag>Getter</tag>
<tag>PageContent</tag>
<doc>Returns all HTML attribute names of an element as a list.</doc>
<status status="PASS" start="2024-08-01T21:44:54.756379" elapsed="0.051264"/>
</kw>
<kw name="Take Screenshot" owner="Browser">
<msg time="2024-08-01T21:44:54.962416" level="INFO" html="true">&lt;/td&gt;&lt;/tr&gt;&lt;tr&gt;&lt;td colspan="3"&gt;&lt;a href="browser/screenshot/Se%20inscreva%20em%20nossa%20Newsletter.png" target="_blank"&gt;&lt;img src="browser/screenshot/Se%20inscreva%20em%20nossa%20Newsletter.png" width="800px"/&gt;&lt;/a&gt;</msg>
<arg>${txt}</arg>
<tag>PageContent</tag>
<doc>Takes a screenshot of the current window or element and saves it to disk.</doc>
<status status="PASS" start="2024-08-01T21:44:54.807643" elapsed="0.154773"/>
</kw>
<status status="PASS" start="2024-08-01T21:44:54.755366" elapsed="0.208034"/>
</kw>
<kw name="Validação da tela (1 - com imagem) - Contendo: Coluna;" owner="Metodos_globais" source_name="Validação da tela (1 - com imagem) - Contendo: ${Variavel_1};">
<kw name="Log To Console" owner="BuiltIn">
<arg>Validação da tela - Contendo: ${Variavel_1};</arg>
<doc>Logs the given message to the console.</doc>
<status status="PASS" start="2024-08-01T21:44:54.963913" elapsed="0.001023"/>
</kw>
<kw name="Get Element States" owner="Browser">
<msg time="2024-08-01T21:44:55.094746" level="INFO">States are: ['attached', 'hidden', 'enabled', 'editable', 'defocused']</msg>
<arg>(//span[@class='menu-text'][contains(.,'${Variavel_1}')])[1]</arg>
<arg>validate</arg>
<arg>value</arg>
<tag>Assertion</tag>
<tag>Getter</tag>
<tag>PageContent</tag>
<doc>Get the active states from the element found by ``selector``.</doc>
<status status="PASS" start="2024-08-01T21:44:54.964936" elapsed="0.129810"/>
</kw>
<kw name="Take Screenshot" owner="Browser">
<msg time="2024-08-01T21:44:55.266707" level="INFO" html="true">&lt;/td&gt;&lt;/tr&gt;&lt;tr&gt;&lt;td colspan="3"&gt;&lt;a href="browser/screenshot/Coluna.png" target="_blank"&gt;&lt;img src="browser/screenshot/Coluna.png" width="800px"/&gt;&lt;/a&gt;</msg>
<arg>${Variavel_1}</arg>
<tag>PageContent</tag>
<doc>Takes a screenshot of the current window or element and saves it to disk.</doc>
<status status="PASS" start="2024-08-01T21:44:55.095268" elapsed="0.172440"/>
</kw>
<kw name="Log To Console" owner="BuiltIn">
<arg>Validação concluída!\n</arg>
<doc>Logs the given message to the console.</doc>
<status status="PASS" start="2024-08-01T21:44:55.267708" elapsed="0.000996"/>
</kw>
<status status="PASS" start="2024-08-01T21:44:54.963913" elapsed="0.304791"/>
</kw>
<status status="PASS" start="2024-08-01T21:44:54.307659" elapsed="0.961045"/>
</kw>
<kw name="And informo o e-mail na Newsletter" owner="Steps_01_fluxo_do_menu_O_Agibank">
<kw name="Informo no campo &quot;Endereço de e-mail&quot;: &quot;${Email}&quot;" owner="Metodos_globais" source_name="Informo no campo &quot;${Campo}&quot;: &quot;${Informacao}&quot;">
<kw name="Log To Console" owner="BuiltIn">
<arg>Informo no campo "${Campo}": "${Informacao}"\n</arg>
<doc>Logs the given message to the console.</doc>
<status status="PASS" start="2024-08-01T21:44:55.270705" elapsed="0.001001"/>
</kw>
<kw name="Fill Text" owner="Browser">
<msg time="2024-08-01T21:44:55.272705" level="INFO">Fills the text 'cassioraijonh_2@hotmail.com' in the given field.</msg>
<arg>//input[contains(@placeholder,'${Campo}')]</arg>
<arg>${Informacao}</arg>
<tag>PageContent</tag>
<tag>Setter</tag>
<doc>Clears and fills the given ``txt`` into the text field found by ``selector``.</doc>
<status status="PASS" start="2024-08-01T21:44:55.271706" elapsed="0.044243"/>
</kw>
<status status="PASS" start="2024-08-01T21:44:55.269706" elapsed="0.047237"/>
</kw>
<status status="PASS" start="2024-08-01T21:44:55.269706" elapsed="0.047237"/>
</kw>
<kw name="And seleciono no botão Assinar" owner="Steps_01_fluxo_do_menu_O_Agibank">
<kw name="Clico no botão &quot;Assinar&quot;" owner="Metodos_globais" source_name="Clico no botão &quot;${Botao}&quot;">
<kw name="Log To Console" owner="BuiltIn">
<arg>Clico no botão "${Botao}"\n</arg>
<doc>Logs the given message to the console.</doc>
<status status="PASS" start="2024-08-01T21:44:55.320943" elapsed="0.001002"/>
</kw>
<kw name="Click" owner="Browser">
<msg time="2024-08-01T21:44:55.324490" level="INFO">Clicks the element 'text="Assinar"'.</msg>
<arg>text="${Botao}"</arg>
<tag>PageContent</tag>
<tag>Setter</tag>
<doc>Simulates mouse click on the element found by ``selector``.</doc>
<status status="PASS" start="2024-08-01T21:44:55.323520" elapsed="1.092006"/>
</kw>
<status status="PASS" start="2024-08-01T21:44:55.319942" elapsed="1.095584"/>
</kw>
<status status="PASS" start="2024-08-01T21:44:55.318942" elapsed="1.096584"/>
</kw>
<kw name="Then sistema exibe mensagem que e-mail ja esta assinado" owner="Steps_01_fluxo_do_menu_O_Agibank">
<kw name="Validação da tela com texto &quot;Você já assinou este site. Verifique sua caixa de entrada. Você pode gerenciar suas preferências no&quot;" owner="Metodos_globais" source_name="Validação da tela com texto &quot;${txt}&quot;">
<kw name="Log To Console" owner="BuiltIn">
<arg>Validação da tela com texto "${txt}"\n</arg>
<doc>Logs the given message to the console.</doc>
<status status="PASS" start="2024-08-01T21:44:56.417520" elapsed="0.000000"/>
</kw>
<kw name="Get Attribute Names" owner="Browser">
<msg time="2024-08-01T21:44:56.523534" level="INFO">JavaScript executed successfully.</msg>
<arg>text="${txt}"</arg>
<tag>Assertion</tag>
<tag>Getter</tag>
<tag>PageContent</tag>
<doc>Returns all HTML attribute names of an element as a list.</doc>
<status status="PASS" start="2024-08-01T21:44:56.418523" elapsed="0.106018"/>
</kw>
<kw name="Take Screenshot" owner="Browser">
<msg time="2024-08-01T21:44:56.759660" level="INFO" html="true">&lt;/td&gt;&lt;/tr&gt;&lt;tr&gt;&lt;td colspan="3"&gt;&lt;a href="browser/screenshot/Voc%C3%AA%20j%C3%A1%20assinou%20este%20site.%20Verifique%20sua%20caixa%20de%20entrada.%20Voc%C3%AA%20pode%20gerenciar%20suas%20prefer%C3%AAncias%20no.png" target="_blank"&gt;&lt;img src="browser/screenshot/Voc%C3%AA%20j%C3%A1%20assinou%20este%20site.%20Verifique%20sua%20caixa%20de%20entrada.%20Voc%C3%AA%20pode%20gerenciar%20suas%20prefer%C3%AAncias%20no.png" width="800px"/&gt;&lt;/a&gt;</msg>
<arg>${txt}</arg>
<tag>PageContent</tag>
<doc>Takes a screenshot of the current window or element and saves it to disk.</doc>
<status status="PASS" start="2024-08-01T21:44:56.524541" elapsed="0.235119"/>
</kw>
<status status="PASS" start="2024-08-01T21:44:56.416523" elapsed="0.343137"/>
</kw>
<status status="PASS" start="2024-08-01T21:44:56.416523" elapsed="0.344137"/>
</kw>
<kw name="Fechar navegador" owner="Conexao_Web" type="TEARDOWN">
<kw name="Take Screenshot" owner="Browser">
<msg time="2024-08-01T21:44:56.949648" level="INFO" html="true">&lt;/td&gt;&lt;/tr&gt;&lt;tr&gt;&lt;td colspan="3"&gt;&lt;a href="browser/screenshot/closed.jpeg.png" target="_blank"&gt;&lt;img src="browser/screenshot/closed.jpeg.png" width="800px"/&gt;&lt;/a&gt;</msg>
<arg>closed.jpeg</arg>
<tag>PageContent</tag>
<doc>Takes a screenshot of the current window or element and saves it to disk.</doc>
<status status="PASS" start="2024-08-01T21:44:56.762663" elapsed="0.188002"/>
</kw>
<kw name="Log To Console" owner="BuiltIn">
<arg>Fechar navegador</arg>
<doc>Logs the given message to the console.</doc>
<status status="PASS" start="2024-08-01T21:44:56.951180" elapsed="0.001026"/>
</kw>
<status status="PASS" start="2024-08-01T21:44:56.761664" elapsed="0.190542"/>
</kw>
<doc>Nesse cenario estamos validando o Titulo de Colunas, dos 3 primeiros card exibidos e Newsletter (com e-mail já assinado)</doc>
<tag>Cénario 01.01: No menu O Agibank - Escolhendo a opção "Colunas" (com e-mail assinado na Newsletter)</tag>
<status status="PASS" start="2024-08-01T21:44:46.536692" elapsed="10.415514"/>
</test>
<status status="PASS" start="2024-08-01T21:44:45.405273" elapsed="12.113194"/>
</suite>
<statistics>
<total>
<stat pass="1" fail="0" skip="0">All Tests</stat>
</total>
<tag>
<stat pass="1" fail="0" skip="0">Cénario 01.01: No menu O Agibank - Escolhendo a opção "Colunas" (com e-mail assinado na Newsletter)</stat>
</tag>
<suite>
<stat pass="1" fail="0" skip="0" id="s1" name="01 fluxo do menu O Agibank">01 fluxo do menu O Agibank</stat>
</suite>
</statistics>
<errors>
</errors>
</robot>
